2025-08-01 13:43:07,955 - INFO - Starting comprehensive collection targeting 500 articles
2025-08-01 13:43:07,955 - INFO - Collecting 300 articles using category_search
2025-08-01 13:43:27,903 - INFO - Successfully processed: 'ኢትዮጵያ' (Amharic: 0.91, Cultural: 100)
2025-08-01 13:43:28,440 - WARNING - Article 'መንግሥተ ኢትዮጵያ' rejected: Cultural safety violations
2025-08-01 13:43:29,515 - INFO - Successfully processed: 'የኢትዮጵያ ዘመን አቆጣጠር' (Amharic: 0.84, Cultural: 35)
2025-08-01 13:43:30,067 - WARNING - Article 'ኢትዮጵያ ብሮድካስቲንግ ኮርፖሬሽን' rejected: Cultural safety violations
2025-08-01 13:43:32,800 - WARNING - Article 'የጥንታዊት ኢትዮጵያ ጀግኖች አርበኞች ማኅበር' rejected: Cultural safety violations
2025-08-01 13:43:33,357 - WARNING - Article 'ደቡብ ኢትዮጵያ ክልላዊ መንግስት' rejected: Cultural safety violations
2025-08-01 13:43:33,919 - WARNING - Article 'ማዕከላዊ ኢትዮጵያ ክልላዊ መንግስት' rejected: Cultural safety violations
2025-08-01 13:43:35,000 - INFO - Successfully processed: 'የኢትዮጵያ ኦርቶዶክስ ተዋሕዶ ቤተ ክርስቲያን' (Amharic: 0.99, Cultural: 55)
2025-08-01 13:43:35,534 - WARNING - Article 'መቀሌ' rejected: Cultural safety violations
2025-08-01 13:43:37,190 - WARNING - Article 'ድሬዳዋ' rejected: Cultural safety violations
2025-08-01 13:43:38,273 - WARNING - Article 'ጅማ' rejected: Cultural safety violations
2025-08-01 13:43:39,364 - WARNING - Article 'ኤርትራ' rejected: Cultural safety violations
2025-08-01 13:43:39,902 - WARNING - Article 'ኤርትራ ኤርትራ ኤርትራ' rejected: Cultural safety violations
2025-08-01 13:43:41,546 - WARNING - Article 'ኣማን ዓንዶም' rejected: Cultural safety violations
2025-08-01 13:43:42,099 - WARNING - Article '1985' rejected: Cultural safety violations
2025-08-01 13:43:42,646 - WARNING - Article 'አዳማ' rejected: Cultural safety violations
2025-08-01 13:43:43,743 - WARNING - Article 'ጋሽና ሰቲት' rejected: Cultural safety violations
2025-08-01 13:43:44,292 - INFO - Successfully processed: 'ትግራይ ክልል' (Amharic: 0.96, Cultural: 45)
2025-08-01 13:43:44,843 - WARNING - Article '1881' rejected: Cultural safety violations
2025-08-01 13:43:45,927 - WARNING - Article '2.የስደታቸው ዋና መንገዶች' rejected: Cultural safety violations
2025-08-01 13:43:46,479 - WARNING - Article 'ምሥራቅ አፍሪካ' rejected: Cultural safety violations
2025-08-01 13:43:47,574 - WARNING - Article 'የአፍሪካ ቀንድ' rejected: Cultural safety violations
2025-08-01 13:43:48,675 - WARNING - Article 'አፋር (ብሔር)' rejected: Cultural safety violations
2025-08-01 13:43:49,210 - WARNING - Article 'ትግርኛ' rejected: Cultural safety violations
2025-08-01 13:43:49,759 - WARNING - Article 'ታሪክ' rejected: Cultural safety violations
2025-08-01 13:43:50,316 - WARNING - Article 'አፈ፡ታሪክ' rejected: Cultural safety violations
2025-08-01 13:43:50,861 - WARNING - Article 'ቅድመ-ታሪክ' rejected: Cultural safety violations
2025-08-01 13:43:59,148 - WARNING - Article 'የኢትዮጵያ የ5 ሺ ዓመት ታሪክ ከኖኅ እስከ ኢህአዴግ' rejected: Cultural safety violations
2025-08-01 13:43:59,706 - WARNING - Article '2ኛው ዓለማዊ ጦርነት' rejected: Cultural safety violations
2025-08-01 13:44:01,377 - WARNING - Article 'ባሕል' rejected: Cultural safety violations
2025-08-01 13:44:03,038 - WARNING - Article 'አውስትራልያ' rejected: Cultural safety violations
2025-08-01 13:44:03,608 - WARNING - Article 'አየርላንድ ሪፐብሊክ' rejected: Cultural safety violations
2025-08-01 13:44:04,157 - WARNING - Article 'ሱዳን' rejected: Cultural safety violations
2025-08-01 13:44:04,712 - WARNING - Article 'ምጽዋ' rejected: Cultural safety violations
2025-08-01 13:44:06,365 - WARNING - Article 'ሥልጣኔ' rejected: Cultural safety violations
2025-08-01 13:44:07,011 - WARNING - Article 'ህንድ' rejected: Cultural safety violations
2025-08-01 13:44:07,575 - WARNING - Article 'ስፖርት' rejected: Cultural safety violations
2025-08-01 13:44:08,113 - INFO - Successfully processed: 'ማኅተመ ሥላሴ ወልደ መስቀል' (Amharic: 0.97, Cultural: 70)
2025-08-01 13:44:09,224 - WARNING - Article 'ጌጣጌጥ' rejected: Cultural safety violations
2025-08-01 13:44:10,510 - INFO - Successfully processed: 'ሐረር' (Amharic: 0.96, Cultural: 75)
2025-08-01 13:44:13,247 - WARNING - Article 'ቋንቋ' rejected: Cultural safety violations
2025-08-01 13:44:13,797 - WARNING - Article 'ግሪክ (ቋንቋ)' rejected: Cultural safety violations
2025-08-01 13:44:14,344 - WARNING - Article 'ቻይንኛ' rejected: Cultural safety violations
2025-08-01 13:44:14,889 - WARNING - Article 'ሲ (የኮምፒዩተር ፍርገማ ቋንቋ)' rejected: Cultural safety violations
2025-08-01 13:44:15,420 - WARNING - Article 'የኒካራጓ ምልክት ቋንቋ' rejected: Cultural safety violations
2025-08-01 13:44:15,964 - WARNING - Article 'የስራ ቋንቋ' rejected: Cultural safety violations
2025-08-01 13:44:17,088 - WARNING - Article 'የአራዳ ቋንቋ' rejected: Cultural safety violations
2025-08-01 13:44:18,741 - WARNING - Article 'ማዖሪ ቋንቋ' rejected: Cultural safety violations
2025-08-01 13:44:19,280 - WARNING - Article 'ዓረብኛ' rejected: Cultural safety violations
2025-08-01 13:44:19,818 - WARNING - Article 'ግብጽኛ' rejected: Cultural safety violations
2025-08-01 13:44:20,377 - INFO - Successfully processed: 'እንግሊዝኛ' (Amharic: 0.93, Cultural: 35)
2025-08-01 13:44:20,912 - WARNING - Article 'አዝማሪ ቋንቋ' rejected: Cultural safety violations
2025-08-01 13:44:21,452 - WARNING - Article 'ምሳሌ' rejected: Cultural safety violations
2025-08-01 13:44:23,078 - INFO - Successfully processed: 'አማርኛ' (Amharic: 0.94, Cultural: 55)
2025-08-01 13:44:26,338 - WARNING - Article 'ቺኑዋ አቼቤ' rejected: Cultural safety violations
2025-08-01 13:44:26,884 - WARNING - Article 'ረጅም ልቦለድ' rejected: Cultural safety violations
2025-08-01 13:44:27,434 - INFO - Successfully processed: 'ጃፓን' (Amharic: 0.93, Cultural: 40)
2025-08-01 13:44:28,086 - WARNING - Article 'አል ኪንዲ' rejected: Cultural safety violations
2025-08-01 13:44:28,727 - INFO - Successfully processed: 'አልበርት አይንስታይን' (Amharic: 0.98, Cultural: 30)
2025-08-01 13:44:29,454 - INFO - Successfully processed: 'ሰሎሞን ዴሬሳ' (Amharic: 0.94, Cultural: 75)
2025-08-01 13:44:30,002 - INFO - Successfully processed: 'ሻርል ደ ጎል' (Amharic: 0.92, Cultural: 30)
2025-08-01 13:44:30,547 - INFO - Successfully processed: 'ኤልዛቤት I' (Amharic: 0.96, Cultural: 60)
2025-08-01 13:44:32,196 - WARNING - Article 'እስያ' rejected: Cultural safety violations
2025-08-01 13:44:32,996 - INFO - Successfully processed: 'ኦሮሚያ ክልል' (Amharic: 0.90, Cultural: 100)
2025-08-01 13:44:33,552 - WARNING - Article 'List of fictional island countries' rejected: Cultural safety violations
2025-08-01 13:44:34,286 - INFO - Successfully processed: 'ማሌዢያ' (Amharic: 0.91, Cultural: 60)
2025-08-01 13:44:34,859 - WARNING - Article 'ኦሞ ወንዝ' rejected: Cultural safety violations
2025-08-01 13:44:35,399 - WARNING - Article 'ሃይማኖት' rejected: Cultural safety violations
2025-08-01 13:44:35,949 - WARNING - Article 'የሂንዱ ሃይማኖት' rejected: Cultural safety violations
2025-08-01 13:44:36,507 - WARNING - Article 'የመንግሥት ሃይማኖት' rejected: Cultural safety violations
2025-08-01 13:44:37,604 - INFO - Successfully processed: 'ዓፄ ተክለ ሃይማኖት' (Amharic: 0.98, Cultural: 55)
2025-08-01 13:44:38,189 - WARNING - Article 'የንቅያ ጸሎተ ሃይማኖት' rejected: Cultural safety violations
2025-08-01 13:44:38,741 - WARNING - Article 'አቡነ ተክለ ሃይማኖት' rejected: Cultural safety violations
2025-08-01 13:44:39,852 - INFO - Successfully processed: 'ቡዲስም' (Amharic: 0.97, Cultural: 40)
2025-08-01 13:44:40,929 - WARNING - Article 'ዓፄ ቴዎፍሎስ' rejected: Cultural safety violations
2025-08-01 13:44:42,677 - INFO - Successfully processed: 'ክርስትና' (Amharic: 0.96, Cultural: 100)
2025-08-01 13:44:43,234 - WARNING - Article 'ጥቅምት' rejected: Cultural safety violations
2025-08-01 13:44:43,783 - WARNING - Article 'የካቲት' rejected: Cultural safety violations
2025-08-01 13:44:44,321 - WARNING - Article 'ብሉይ ኪዳን' rejected: Cultural safety violations
2025-08-01 13:44:45,404 - WARNING - Article 'አረመኔ' rejected: Cultural safety violations
2025-08-01 13:44:45,964 - WARNING - Article 'ማየ አይህ' rejected: Cultural safety violations
2025-08-01 13:44:46,509 - WARNING - Article 'ፖለቲካ' rejected: Cultural safety violations
2025-08-01 13:44:49,777 - WARNING - Article '1987' rejected: Cultural safety violations
2025-08-01 13:44:56,826 - WARNING - Article 'ሳይንስ' rejected: Cultural safety violations
2025-08-01 13:44:57,363 - WARNING - Article 'የኢንፎርሜሽን ሳይንስ' rejected: Cultural safety violations
2025-08-01 13:44:58,991 - WARNING - Article 'የተፈጥሮ ሕግጋት ጥናት' rejected: Cultural safety violations
2025-08-01 13:44:59,659 - WARNING - Article 'የመረጃ ሳይንስ' rejected: Cultural safety violations
2025-08-01 13:45:00,194 - WARNING - Article 'የቁሶች ጥናት ሳይንስ ወይም ምህንድስና' rejected: Cultural safety violations
2025-08-01 13:45:01,287 - WARNING - Article 'አዲስ አበባ ዩኒቨርስቲ' rejected: Cultural safety violations
2025-08-01 13:45:02,371 - WARNING - Article 'የንጥረ ነገሮች ሠንጠረዥ' rejected: Cultural safety violations
2025-08-01 13:45:02,910 - WARNING - Article 'አምደስጌ' rejected: Cultural safety violations
2025-08-01 13:45:03,474 - WARNING - Article 'ሥነ ቅርስ' rejected: Cultural safety violations
2025-08-01 13:45:04,587 - WARNING - Article 'ከባቢ አየር' rejected: Cultural safety violations
2025-08-01 13:45:06,746 - WARNING - Article 'የሰው ልጅ' rejected: Cultural safety violations
2025-08-01 13:45:12,281 - WARNING - Article 'የዓለም አቀፍ እግር ኳስ ማኅበር' rejected: Cultural safety violations
2025-08-01 13:45:18,881 - WARNING - Article 'ክለብ ናስዮናል ዴ ፉትቦል' rejected: Cultural safety violations
2025-08-01 13:45:19,426 - WARNING - Article 'ኪነ ጥበብ' rejected: Cultural safety violations
2025-08-01 13:45:22,132 - WARNING - Article 'ዋርካ (ድረገጽ)' rejected: Cultural safety violations
2025-08-01 13:45:22,772 - INFO - Successfully processed: 'አፈወርቅ ተክሌ' (Amharic: 0.94, Cultural: 45)
2025-08-01 13:45:23,329 - WARNING - Article 'በሻህ ተክለማሪያም' rejected: Cultural safety violations
2025-08-01 13:45:23,881 - WARNING - Article 'ደሴ' rejected: Cultural safety violations
2025-08-01 13:45:24,422 - WARNING - Article 'ፍልስፍና' rejected: Cultural safety violations
2025-08-01 13:45:25,523 - WARNING - Article 'ሸክላ' rejected: Cultural safety violations
2025-08-01 13:45:26,181 - WARNING - Article 'ፀሐይ' rejected: Cultural safety violations
2025-08-01 13:45:26,764 - INFO - Successfully processed: 'ደመቀ ከበደ' (Amharic: 0.97, Cultural: 55)
2025-08-01 13:45:27,866 - INFO - Successfully processed: 'ገብረ ክርስቶስ' (Amharic: 0.99, Cultural: 40)
2025-08-01 13:45:28,966 - INFO - Successfully processed: 'መባዓ ጽዮን' (Amharic: 0.99, Cultural: 100)
2025-08-01 13:45:29,534 - INFO - Successfully processed: 'ሥነ ውበት' (Amharic: 0.97, Cultural: 30)
2025-08-01 13:45:30,618 - WARNING - Article 'ሶቅራጠስ' rejected: Cultural safety violations
2025-08-01 13:45:31,153 - INFO - Successfully processed: 'ሙዚቃ' (Amharic: 0.72, Cultural: 35)
2025-08-01 13:45:33,369 - WARNING - Article '1988' rejected: Cultural safety violations
2025-08-01 13:45:34,986 - WARNING - Article 'ትዝታ' rejected: Cultural safety violations
2025-08-01 13:45:35,521 - WARNING - Article 'አስቴር አወቀ' rejected: Cultural safety violations
2025-08-01 13:45:36,136 - WARNING - Article 'ጂን' rejected: Cultural safety violations
2025-08-01 13:45:36,676 - WARNING - Article 'ጉድ ታይምዝ (የሺክ ዘፈን)' rejected: Cultural safety violations
2025-08-01 13:45:40,509 - WARNING - Article '«የ1812 መቅድም»' rejected: Cultural safety violations
2025-08-01 13:45:42,164 - WARNING - Article 'ሃሪ ፖተር ክፍል ስድስት (ፊልም)' rejected: Cultural safety violations
2025-08-01 13:45:48,178 - WARNING - Article 'ፍሬንድስ (ተከታታይ ፊልም)' rejected: Cultural safety violations
2025-08-01 13:45:52,019 - WARNING - Article 'አድዋ' rejected: Cultural safety violations
2025-08-01 13:45:52,321 - INFO - Collecting 200 articles using random_articles
