2025-08-01 18:07:34,143 - INFO - Loaded configuration from: configs/hnet_300m_config.yaml
2025-08-01 18:07:34,158 - INFO - Using MPS (Metal Performance Shaders) on M2
2025-08-01 18:07:34,158 - INFO - Loading Amharic corpus...
2025-08-01 18:07:34,158 - INFO - Loading corpus from: data/raw
2025-08-01 18:07:34,165 - INFO - Processed test_corpus.json: 50 Amharic texts
2025-08-01 18:07:34,171 - INFO - Processed hnet_demo_corpus.json: 35 Amharic texts
2025-08-01 18:07:34,173 - INFO - Processed premium_hnet_demo.json: 5 Amharic texts
2025-08-01 18:07:34,179 - INFO - Processed comprehensive_hnet_corpus.json: 50 Amharic texts
2025-08-01 18:07:34,179 - INFO - Processed final_hnet_training_corpus_20250801_144442.json: 3 Amharic texts
2025-08-01 18:07:34,185 - INFO - Processed comprehensive_training_corpus_20250801_144630.json: 53 Amharic texts
2025-08-01 18:07:34,205 - INFO - Processed supplemented_hnet_corpus_20250801_145849.json: 500 Amharic texts
2025-08-01 18:07:34,205 - INFO - Loaded 696 Amharic texts, 506,639 total characters
2025-08-01 18:07:34,205 - INFO - Files processed: 7
2025-08-01 18:07:34,205 - INFO - Average text length: 727.9 characters
2025-08-01 18:07:34,205 - INFO - Dataset initialized: 696 texts, max_length: 512
2025-08-01 18:07:47,055 - INFO - Model Memory Estimate:
2025-08-01 18:07:47,068 - INFO -   Parameters: 915,715,844
2025-08-01 18:07:47,069 - INFO -   FP32 Total: 13.65 GB
2025-08-01 18:07:47,069 - INFO -   FP16 Total: 6.82 GB
2025-08-01 18:07:47,069 - INFO -   Memory Savings: 6.82 GB (50.0%)
